# JRE version: OpenJDK Runtime Environment (11.0.13) (build 11.0.13+0-b1751.21-8125866)
# Java VM: OpenJDK 64-Bit Server VM (11.0.13+0-b1751.21-8125866, mixed mode, tiered, compressed oops, g1 gc, linux-amd64)
Heap:
 garbage-first heap   total 201728K, used 107080K [0x00000000a0000000, 0x0000000100000000)
  region size 1024K, 21 young (21504K), 8 survivors (8192K)
 Metaspace       used 88753K, capacity 91325K, committed 91600K, reserved 1128448K
  class space    used 11638K, capacity 12614K, committed 12672K, reserved 1048576K
GC Heap History (20 events):
Event: 37.062 GC heap before
{Heap before GC invocations=35 (full 0):
 garbage-first heap   total 115712K, used 87466K [0x00000000a0000000, 0x0000000100000000)
  region size 1024K, 24 young (24576K), 3 survivors (3072K)
 Metaspace       used 67898K, capacity 69689K, committed 69968K, reserved 1110016K
  class space    used 8529K, capacity 9197K, committed 9216K, reserved 1048576K
}
Event: 37.084 GC heap after
{Heap after GC invocations=36 (full 0):
 garbage-first heap   total 139264K, used 70512K [0x00000000a0000000, 0x0000000100000000)
  region size 1024K, 3 young (3072K), 3 survivors (3072K)
 Metaspace       used 67898K, capacity 69689K, committed 69968K, reserved 1110016K
  class space    used 8529K, capacity 9197K, committed 9216K, reserved 1048576K
}
Event: 38.072 GC heap before
{Heap before GC invocations=36 (full 0):
 garbage-first heap   total 139264K, used 100208K [0x00000000a0000000, 0x0000000100000000)
  region size 1024K, 32 young (32768K), 3 survivors (3072K)
 Metaspace       used 68479K, capacity 70383K, committed 70736K, reserved 1110016K
  class space    used 8636K, capacity 9367K, committed 9472K, reserved 1048576K
}
Event: 38.089 GC heap after
{Heap after GC invocations=37 (full 0):
 garbage-first heap   total 139264K, used 72396K [0x00000000a0000000, 0x0000000100000000)
  region size 1024K, 2 young (2048K), 2 survivors (2048K)
 Metaspace       used 68479K, capacity 70383K, committed 70736K, reserved 1110016K
  class space    used 8636K, capacity 9367K, committed 9472K, reserved 1048576K
}
Event: 39.202 GC heap before
{Heap before GC invocations=38 (full 0):
 garbage-first heap   total 139264K, used 103116K [0x00000000a0000000, 0x0000000100000000)
  region size 1024K, 32 young (32768K), 2 survivors (2048K)
 Metaspace       used 69366K, capacity 71390K, committed 71632K, reserved 1112064K
  class space    used 8798K, capacity 9554K, committed 9600K, reserved 1048576K
}
Event: 39.223 GC heap after
{Heap after GC invocations=39 (full 0):
 garbage-first heap   total 139264K, used 73633K [0x00000000a0000000, 0x0000000100000000)
  region size 1024K, 4 young (4096K), 4 survivors (4096K)
 Metaspace       used 69366K, capacity 71390K, committed 71632K, reserved 1112064K
  class space    used 8798K, capacity 9554K, committed 9600K, reserved 1048576K
}
Event: 39.986 GC heap before
{Heap before GC invocations=39 (full 0):
 garbage-first heap   total 139264K, used 104353K [0x00000000a0000000, 0x0000000100000000)
  region size 1024K, 34 young (34816K), 4 survivors (4096K)
 Metaspace       used 69803K, capacity 71946K, committed 72272K, reserved 1112064K
  class space    used 8841K, capacity 9611K, committed 9728K, reserved 1048576K
}
Event: 40.004 GC heap after
{Heap after GC invocations=40 (full 0):
 garbage-first heap   total 139264K, used 76145K [0x00000000a0000000, 0x0000000100000000)
  region size 1024K, 4 young (4096K), 4 survivors (4096K)
 Metaspace       used 69803K, capacity 71946K, committed 72272K, reserved 1112064K
  class space    used 8841K, capacity 9611K, committed 9728K, reserved 1048576K
}
Event: 41.694 GC heap before
{Heap before GC invocations=41 (full 0):
 garbage-first heap   total 139264K, used 106865K [0x00000000a0000000, 0x0000000100000000)
  region size 1024K, 34 young (34816K), 4 survivors (4096K)
 Metaspace       used 72871K, capacity 74900K, committed 75216K, reserved 1114112K
  class space    used 9340K, capacity 10104K, committed 10112K, reserved 1048576K
}
Event: 41.716 GC heap after
{Heap after GC invocations=42 (full 0):
 garbage-first heap   total 167936K, used 77680K [0x00000000a0000000, 0x0000000100000000)
  region size 1024K, 4 young (4096K), 4 survivors (4096K)
 Metaspace       used 72871K, capacity 74900K, committed 75216K, reserved 1114112K
  class space    used 9340K, capacity 10104K, committed 10112K, reserved 1048576K
}
Event: 43.927 GC heap before
{Heap before GC invocations=42 (full 0):
 garbage-first heap   total 167936K, used 119664K [0x00000000a0000000, 0x0000000100000000)
  region size 1024K, 45 young (46080K), 4 survivors (4096K)
 Metaspace       used 76167K, capacity 78320K, committed 78544K, reserved 1118208K
  class space    used 9849K, capacity 10610K, committed 10624K, reserved 1048576K
}
Event: 43.956 GC heap after
{Heap after GC invocations=43 (full 0):
 garbage-first heap   total 167936K, used 80564K [0x00000000a0000000, 0x0000000100000000)
  region size 1024K, 5 young (5120K), 5 survivors (5120K)
 Metaspace       used 76167K, capacity 78320K, committed 78544K, reserved 1118208K
  class space    used 9849K, capacity 10610K, committed 10624K, reserved 1048576K
}
Event: 45.442 GC heap before
{Heap before GC invocations=43 (full 0):
 garbage-first heap   total 167936K, used 123572K [0x00000000a0000000, 0x0000000100000000)
  region size 1024K, 47 young (48128K), 5 survivors (5120K)
 Metaspace       used 77458K, capacity 79678K, committed 79952K, reserved 1118208K
  class space    used 10064K, capacity 10910K, committed 11008K, reserved 1048576K
}
Event: 45.486 GC heap after
{Heap after GC invocations=44 (full 0):
 garbage-first heap   total 167936K, used 84699K [0x00000000a0000000, 0x0000000100000000)
  region size 1024K, 6 young (6144K), 6 survivors (6144K)
 Metaspace       used 77458K, capacity 79678K, committed 79952K, reserved 1118208K
  class space    used 10064K, capacity 10910K, committed 11008K, reserved 1048576K
}
Event: 48.220 GC heap before
{Heap before GC invocations=45 (full 0):
 garbage-first heap   total 167936K, used 128731K [0x00000000a0000000, 0x0000000100000000)
  region size 1024K, 49 young (50176K), 6 survivors (6144K)
 Metaspace       used 81245K, capacity 83577K, committed 83792K, reserved 1122304K
  class space    used 10612K, capacity 11492K, committed 11520K, reserved 1048576K
}
Event: 48.264 GC heap after
{Heap after GC invocations=46 (full 0):
 garbage-first heap   total 167936K, used 87703K [0x00000000a0000000, 0x0000000100000000)
  region size 1024K, 3 young (3072K), 3 survivors (3072K)
 Metaspace       used 81245K, capacity 83577K, committed 83792K, reserved 1122304K
  class space    used 10612K, capacity 11492K, committed 11520K, reserved 1048576K
}
Event: 51.964 GC heap before
{Heap before GC invocations=46 (full 0):
 garbage-first heap   total 167936K, used 130711K [0x00000000a0000000, 0x0000000100000000)
  region size 1024K, 45 young (46080K), 3 survivors (3072K)
 Metaspace       used 85873K, capacity 88302K, committed 88528K, reserved 1126400K
  class space    used 11220K, capacity 12134K, committed 12160K, reserved 1048576K
}
Event: 52.015 GC heap after
{Heap after GC invocations=47 (full 0):
 garbage-first heap   total 201728K, used 90259K [0x00000000a0000000, 0x0000000100000000)
  region size 1024K, 6 young (6144K), 6 survivors (6144K)
 Metaspace       used 85873K, capacity 88302K, committed 88528K, reserved 1126400K
  class space    used 11220K, capacity 12134K, committed 12160K, reserved 1048576K
}
Event: 57.812 GC heap before
{Heap before GC invocations=48 (full 0):
 garbage-first heap   total 201728K, used 141459K [0x00000000a0000000, 0x0000000100000000)
  region size 1024K, 57 young (58368K), 6 survivors (6144K)
 Metaspace       used 88130K, capacity 90693K, committed 90960K, reserved 1128448K
  class space    used 11552K, capacity 12512K, committed 12544K, reserved 1048576K
}
Event: 57.895 GC heap after
{Heap after GC invocations=49 (full 0):
 garbage-first heap   total 201728K, used 94792K [0x00000000a0000000, 0x0000000100000000)
  region size 1024K, 8 young (8192K), 8 survivors (8192K)
 Metaspace       used 88130K, capacity 90693K, committed 90960K, reserved 1128448K
  class space    used 11552K, capacity 12512K, committed 12544K, reserved 1048576K
}

